K_league_info/app/build/intermediates/manifest_merge_blame_file/debug/manifest-merger-blame-debug-report.txt
1<?xml version="1.0" encoding="utf-8"?>
2<manifest xmlns:android="http://schemas.android.com/apk/res/android"
3    package="com.example.k_league_info"
4    android:versionCode="1"
5    android:versionName="1.0" >
6
7    <uses-sdk
8        android:minSdkVersion="16"
8-->src\main\AndroidManifest.xml
9        android:targetSdkVersion="29" />
9-->src\main\AndroidManifest.xml
10
11    <permission android:name="android.permission.INTERNET" />
11-->src\main\AndroidManifest.xml:5:5-62
11-->src\main\AndroidManifest.xml:5:17-59
12
13    <application
13-->src\main\AndroidManifest.xml:7:5-34:19
14        android:allowBackup="true"
14-->src\main\AndroidManifest.xml:8:9-35
15        android:appComponentFactory="androidx.core.app.CoreComponentFactory"
15-->[androidx.core:core:1.3.1] AndroidManifest.xml:24:18-86
16        android:debuggable="true"
17        android:icon="@mipmap/ic_launcher"
17-->src\main\AndroidManifest.xml:9:9-43
18        android:label="@string/app_name"
18-->src\main\AndroidManifest.xml:10:9-41
19        android:roundIcon="@mipmap/ic_launcher_round"
19-->src\main\AndroidManifest.xml:11:9-54
20        android:supportsRtl="true"
20-->src\main\AndroidManifest.xml:12:9-35
21        android:testOnly="true"
22        android:theme="@style/AppTheme" >
22-->src\main\AndroidManifest.xml:13:9-40
23        <activity
23-->src\main\AndroidManifest.xml:15:9-23:20
24            android:name="com.example.k_league_info.SplashActivity"
24-->src\main\AndroidManifest.xml:16:13-43
25            android:label="@string/app_name"
25-->src\main\AndroidManifest.xml:18:13-45
26            android:theme="@style/AppTheme" >
26-->src\main\AndroidManifest.xml:17:13-44
27            <intent-filter>
27-->src\main\AndroidManifest.xml:19:13-22:29
28                <action android:name="android.intent.action.MAIN" />
28-->src\main\AndroidManifest.xml:20:17-69
28-->src\main\AndroidManifest.xml:20:25-66
29
30                <category android:name="android.intent.category.LAUNCHER" />
30-->src\main\AndroidManifest.xml:21:17-77
30-->src\main\AndroidManifest.xml:21:27-74
31            </intent-filter>
32        </activity>
33        <activity android:name="com.example.k_league_info.MainActivity" />
33-->src\main\AndroidManifest.xml:24:9-50
33-->src\main\AndroidManifest.xml:24:19-47
34        <activity
34-->src\main\AndroidManifest.xml:25:9-27:58
35            android:name="com.example.k_league_info.ui.community.PostScreen"
35-->src\main\AndroidManifest.xml:26:13-52
36            android:windowSoftInputMode="adjustResize" />
36-->src\main\AndroidManifest.xml:27:13-55
37        <activity
37-->src\main\AndroidManifest.xml:28:9-30:58
38            android:name="com.example.k_league_info.ui.community.PostWrite"
38-->src\main\AndroidManifest.xml:29:13-51
39            android:windowSoftInputMode="adjustResize" />
39-->src\main\AndroidManifest.xml:30:13-55
40        <activity android:name="com.example.k_league_info.ScoredetailActivity" />
40-->src\main\AndroidManifest.xml:31:9-66
40-->src\main\AndroidManifest.xml:31:19-54
41        <activity android:name="com.example.k_league_info.PlayerActivity" />
41-->src\main\AndroidManifest.xml:32:9-52
41-->src\main\AndroidManifest.xml:32:19-49
42        <activity android:name="com.example.k_league_info.TeamdetailActivity" />
42-->src\main\AndroidManifest.xml:33:9-56
42-->src\main\AndroidManifest.xml:33:19-53
43
44        <provider
44-->[androidx.lifecycle:lifecycle-process:2.2.0] AndroidManifest.xml:25:9-29:43
45            android:name="androidx.lifecycle.ProcessLifecycleOwnerInitializer"
45-->[androidx.lifecycle:lifecycle-process:2.2.0] AndroidManifest.xml:26:13-79
46            android:authorities="com.example.k_league_info.lifecycle-process"
46-->[androidx.lifecycle:lifecycle-process:2.2.0] AndroidManifest.xml:27:13-69
47            android:exported="false"
47-->[androidx.lifecycle:lifecycle-process:2.2.0] AndroidManifest.xml:28:13-37
48            android:multiprocess="true" />
48-->[androidx.lifecycle:lifecycle-process:2.2.0] AndroidManifest.xml:29:13-40
49    </application>
50
51</manifest>